<?xml version="1.0" encoding="UTF-8"?>
<coverage generated="1651717347252" clover="3.2.0">
  <project timestamp="1651717347252" name="All files">
    <metrics statements="21" coveredstatements="20" conditionals="8" coveredconditionals="6" methods="3" coveredmethods="3" elements="32" coveredelements="29" complexity="0" loc="21" ncloc="21" packages="1" files="3" classes="3"/>
    <file name="index.compare.js" path="C:\Users\User\Desktop\STIN_PRJ\appka\server\index.compare.js">
      <metrics statements="7" coveredstatements="7" conditionals="2" coveredconditionals="2" methods="1" coveredmethods="1"/>
      <line num="4" count="1" type="stmt"/>
      <line num="5" count="5" type="stmt"/>
      <line num="6" count="15" type="cond" truecount="2" falsecount="0"/>
      <line num="7" count="1" type="stmt"/>
      <line num="8" count="1" type="stmt"/>
      <line num="13" count="1" type="stmt"/>
      <line num="15" count="1" type="stmt"/>
    </file>
    <file name="index.find.js" path="C:\Users\User\Desktop\STIN_PRJ\appka\server\index.find.js">
      <metrics statements="7" coveredstatements="7" conditionals="2" coveredconditionals="2" methods="1" coveredmethods="1"/>
      <line num="2" count="1" type="stmt"/>
      <line num="3" count="1" type="stmt"/>
      <line num="4" count="2" type="stmt"/>
      <line num="5" count="4" type="stmt"/>
      <line num="6" count="14" type="cond" truecount="2" falsecount="0"/>
      <line num="7" count="1" type="stmt"/>
      <line num="13" count="1" type="stmt"/>
    </file>
    <file name="index.time.js" path="C:\Users\User\Desktop\STIN_PRJ\appka\server\index.time.js">
      <metrics statements="7" coveredstatements="6" conditionals="4" coveredconditionals="2" methods="1" coveredmethods="1"/>
      <line num="9" count="1" type="cond" truecount="1" falsecount="1"/>
      <line num="10" count="1" type="stmt"/>
      <line num="11" count="1" type="stmt"/>
      <line num="19" count="1" type="cond" truecount="1" falsecount="1"/>
      <line num="20" count="0" type="stmt"/>
      <line num="29" count="1" type="stmt"/>
      <line num="31" count="1" type="stmt"/>
    </file>
  </project>
</coverage>
