TN:
SF:index.compare.js
FN:1,compare
FNF:1
FNH:1
FNDA:1,compare
DA:4,1
DA:5,5
DA:6,15
DA:7,1
DA:8,1
DA:13,1
DA:15,1
LF:7
LH:7
BRDA:6,0,0,1
BRDA:6,0,1,14
BRF:2
BRH:2
end_of_record
TN:
SF:index.find.js
FN:1,find_word
FNF:1
FNH:1
FNDA:1,find_word
DA:2,1
DA:3,1
DA:4,2
DA:5,4
DA:6,14
DA:7,1
DA:13,1
LF:7
LH:7
BRDA:6,0,0,1
BRDA:6,0,1,13
BRF:2
BRH:2
end_of_record
TN:
SF:index.time.js
FN:1,addChatEntry
FNF:1
FNH:1
FNDA:1,addChatEntry
DA:9,1
DA:10,1
DA:11,1
DA:19,1
DA:20,0
DA:29,1
DA:31,1
LF:7
LH:6
BRDA:9,0,0,1
BRDA:9,0,1,0
BRDA:19,1,0,0
BRDA:19,1,1,1
BRF:4
BRH:2
end_of_record
